localhost,Request URL http://localhost/fashion-brand/fashion-brand/wp-content/themes/Divi/includes/builder/scripts/failure_notice.js.map,
localhost,Request URL http://localhost/fashion-brand/fashion-brand/wp-content/themes/Divi/js/custom.unified.js.map,
localhost,Request URL http://localhost/fashion-brand/fashion-brand/wp-content/themes/Divi/js/theme-customizer-controls.js.map,
localhost,Request URL http://localhost/fashion-brand/fashion-brand/wp-content/plugins/wp-mail-smtp/assets/css/admin-bar.min.css.map,
localhost,Request URL http://localhost/fashion-brand/fashion-brand/wp-content/themes/Divi/js/theme-customizer.js.map,
localhost,Request URL http://localhost/fashion-brand/fashion-brand/wp-content/themes/Divi/includes/builder/scripts/failure_notice.js.map,
localhost,Request URL http://localhost/fashion-brand/fashion-brand/wp-content/plugins/wp-mail-smtp/assets/css/admin-bar.min.css.map,
localhost,Request URL http://localhost/fashion-brand/fashion-brand/wp-content/themes/Divi/includes/builder/frontend-builder/build/boot.js.map,
localhost,Request URL http://localhost/fashion-brand/fashion-brand/wp-content/themes/Divi/includes/builder/frontend-builder/build/bundle.modals.6c5fae24.js.map,
localhost,Request URL http://localhost/fashion-brand/fashion-brand/wp-content/themes/Divi/js/custom.unified.js.map,
localhost,Request URL http://localhost/fashion-brand/fashion-brand/wp-content/themes/Divi/includes/builder/frontend-builder/build/bundle.devtools.d581bd1d.js.map,
localhost,Request URL http://localhost/fashion-brand/fashion-brand/wp-content/themes/Divi/includes/builder/frontend-builder/assets/scripts/failure_notice.js.map,
localhost,Request URL http://localhost/fashion-brand/fashion-brand/wp-content/themes/Divi/includes/builder/frontend-builder/build/bundle.js.map,
localhost,Request URL http://localhost/fashion-brand/fashion-brand/wp-content/themes/Divi/js/theme-customizer.js.map,
localhost,Request URL http://localhost/fashion-brand/fashion-brand/wp-content/plugins/wp-mail-smtp/assets/css/admin-bar.min.css.map,
localhost,Request URL http://localhost/fashion-brand/fashion-brand/wp-content/themes/Divi/js/custom.unified.js.map,
localhost,Request URL http://localhost/fashion-brand/fashion-brand/wp-content/plugins/wp-mail-smtp/assets/css/admin-bar.min.css.map,
localhost,Request URL http://localhost/fashion-brand/fashion-brand/wp-content/plugins/wp-mail-smtp/assets/css/admin-bar.min.css.map,
localhost,Request URL http://localhost/fashion-brand/fashion-brand/wp-content/themes/Divi/js/custom.unified.js.map,
localhost,Request URL http://localhost/fashion-brand/fashion-brand/wp-content/themes/Divi/includes/builder/frontend-builder/assets/scripts/failure_notice.js.map,
localhost,Request URL http://localhost/fashion-brand/fashion-brand/wp-content/themes/Divi/includes/builder/frontend-builder/build/bundle.modals.6c5fae24.js.map,
localhost,Request URL http://localhost/fashion-brand/fashion-brand/wp-content/themes/Divi/includes/builder/frontend-builder/build/boot.js.map,
localhost,Request URL http://localhost/fashion-brand/fashion-brand/wp-content/themes/Divi/includes/builder/frontend-builder/build/bundle.js.map,
localhost,Request URL http://localhost/fashion-brand/fashion-brand/wp-content/themes/Divi/includes/builder/frontend-builder/build/bundle.devtools.d581bd1d.js.map,
localhost,Request URL http://localhost/fashion-brand/fashion-brand/wp-content/plugins/wp-mail-smtp/assets/css/admin-bar.min.css.map,
localhost,Request URL http://localhost/fashion-brand/fashion-brand/wp-content/plugins/wp-mail-smtp/assets/css/admin-bar.min.css.map,
localhost,Request URL http://localhost/fashion-brand/fashion-brand/wp-content/plugins/wp-mail-smtp/assets/css/admin-bar.min.css.map,
localhost,Request URL http://localhost/fashion-brand/fashion-brand/wp-content/plugins/wp-mail-smtp/assets/css/admin-bar.min.css.map,
